

Opening input/output transcript to file "H:\Meu Drive\TCC\Programming\cnn-hypersonic\fluent-20231124-112045-2200.trn".
Auto-Transcript Start Time:  11:20:45, 24 Nov 2023 Hora oficial do Brasil 
Information: The server has started and is running.

              Welcome to ANSYS Fluent 2023 R1

              Copyright 1987-2023 ANSYS, Inc. All Rights Reserved.
              Unauthorized use, distribution or duplication is prohibited.
              This product is subject to U.S. laws governing export and re-export.
              For full Legal Notice, see documentation.

Build Time: Nov 28 2022 09:52:41 EST  Build Id: 10208  
 
Connected License Server List:	1055@localhost
Host spawning Node 0 on machine "Guilherme" (win64).

-------------------------------------------------------------------------------------------
ID    Hostname   Core  O.S.         PID    Vendor                                          
-------------------------------------------------------------------------------------------
n7    Guilherme  8/8  Windows-x64  16920  11th Gen Intel(R) Core(TM) i5-1135G7 @ 2.40GHz  
n6    Guilherme  7/8  Windows-x64  2080   11th Gen Intel(R) Core(TM) i5-1135G7 @ 2.40GHz  
n5    Guilherme  6/8  Windows-x64  16760  11th Gen Intel(R) Core(TM) i5-1135G7 @ 2.40GHz  
n4    Guilherme  5/8  Windows-x64  2460   11th Gen Intel(R) Core(TM) i5-1135G7 @ 2.40GHz  
n3    Guilherme  4/8  Windows-x64  4664   11th Gen Intel(R) Core(TM) i5-1135G7 @ 2.40GHz  
n2    Guilherme  3/8  Windows-x64  5108   11th Gen Intel(R) Core(TM) i5-1135G7 @ 2.40GHz  
n1    Guilherme  2/8  Windows-x64  9844   11th Gen Intel(R) Core(TM) i5-1135G7 @ 2.40GHz  
n0*   Guilherme  1/8  Windows-x64  19372  11th Gen Intel(R) Core(TM) i5-1135G7 @ 2.40GHz  
host  Guilherme       Windows-x64  17128  11th Gen Intel(R) Core(TM) i5-1135G7 @ 2.40GHz  

MPI Option Selected: intel
Selected system interconnect: default
-------------------------------------------------------------------------------------------

Cleanup script file is H:\Meu Drive\TCC\Programming\cnn-hypersonic\cleanup-fluent-Guilherme-17128.bat

> 
Error: File "caso.cas.h5" not found!
Error Object: #f

Error: File "caso.cas.h5" not found!
Error Object: #f

Error: File "/pyFluent/caso.cas.h5" not found!
Error Object: #f
Fast-loading "C:\PROGRA~1\ANSYSI~1\v231\fluent\fluent23.1.0\addons\afd\lib\hdfio.bin"
Done.

Reading from Guilherme:"H:/Meu Drive/TCC/Programming/cnn-hypersonic/pyFluent/caso.cas.h5" in NODE0 mode ...
  Reading mesh ...
       19790 cells,     1 cell zone  ...
          19790 mixed cells,  zone id: 2
       40054 faces,     4 face zones ...
          39081 2D interior faces,  zone id: 1
            477 2D pressure-far-field faces,  zone id: 5
            396 2D wall faces,  zone id: 7
            100 2D pressure-outlet faces,  zone id: 6
       20264 nodes,     1 node zone  ...
  Done.


Building...
     mesh
	distributing mesh
		parts........,
		faces........,
		nodes........,
		cells........,
        bandwidth reduction using Reverse Cuthill-McKee: 2470/72 = 34.3056
     materials,
     interface,
     domains,
	mixture
     zones,
	pressure-outlet
	airfoil
	pressure-far-field
	interior-air
	air
     parallel,
Done.

Writing Settings file "C:\Users\guilh\AppData\Local\Temp\16"...
	writing rp variables ... Done.
	writing domain variables ... Done.
	writing air (type fluid) (mixture) ... Done.
	writing interior-air (type interior) (mixture) ... Done.
	writing pressure-far-field (type pressure-far-field) (mixture) ... Done.
	writing airfoil (type wall) (mixture) ... Done.
	writing pressure-outlet (type pressure-outlet) (mixture) ... Done.
	writing zones map name-id ... Done.

Error: File "H:\Meu Drive\TCC\Programming\cnn-hypersonic\DataCFD\5-WedgeAngle\meshFile.msh" not found!
Error Object: #f

Error: File "H:\Meu Drive\TCC\Programming\cnn-hypersonic\DataCFD\5-WedgeAngle\meshFile.msh" not found!
Error Object: #f
invalid command [ok]

Writing Settings file "C:\Users\guilh\AppData\Local\Temp\17"...
	writing rp variables ... Done.
	writing domain variables ... Done.
	writing air (type fluid) (mixture) ... Done.
	writing interior-air (type interior) (mixture) ... Done.
	writing pressure-far-field (type pressure-far-field) (mixture) ... Done.
	writing airfoil (type wall) (mixture) ... Done.
	writing pressure-outlet (type pressure-outlet) (mixture) ... Done.
	writing zones map name-id ... Done.

Reading "H:\Meu Drive\TCC\Programming\cnn-hypersonic\DataCFD\5-WedgeAngle\meshFile.msh"...

Buffering for file scan...


       Clearing partially read grid.
   19530 nodes.
     980 nodes.
   39569 2D interior faces, zone  1.
     484 2D pressure-far-field faces, zone  5.
     396 2D wall faces, zone  6.
     100 2D pressure-outlet faces, zone  7.
   20039 mixed cells, zone  2.

Building...
     mesh
	auto partitioning mesh by Metis (fast),
	distributing mesh
		parts........,
		faces........,
		nodes........,
		cells........,
        bandwidth reduction using Reverse Cuthill-McKee: 2506/61 = 41.082
     materials,
     interface,
     domains,
     zones,
	pressure-outlet
	airfoil
	pressure-far-field
	air
	interior-air
     parallel,
Done.
Warning: Pressure far-field boundary condition can only be used with ideal gas law.
  Please change either the boundary condition type or enable ideal gas law.
  Solver cannot proceed until this is fixed.
	Warning: Pressure far-field boundary condition can only be used with ideal gas law.
  Please change either the boundary condition type or enable ideal gas law.
  Solver cannot proceed until this is fixed.
	
Reading Settings file "C:\Users\guilh\AppData\Local\Temp\17"...

Warning: Pressure far-field boundary condition can only be used with ideal gas law.
  Please change either the boundary condition type or enable ideal gas law.
  Solver cannot proceed until this is fixed.
	 Setting zone id of air to 2.
 Setting zone id of interior-air to 1.
 Setting zone id of pressure-far-field to 5.
 Setting zone id of airfoil to 7.
 Setting zone id of pressure-outlet to 6.
Done.

Setting air (mixture) ... Done.
Setting interior-air (mixture) ... Done.
Setting pressure-far-field (mixture) ... Done.
Setting airfoil (mixture) ... Done.
Setting pressure-outlet (mixture) ... Done.


Error: Set_Thread_Variables: wta(real)
Error Object: (4.980973490458728 -0.4357787137382908)

Error: Set_Thread_Variables: wta(real)
Error encountered in critical code section

Error: Set_Thread_Variables: wta(real)
Error encountered in critical code section

Error: Set_Thread_Variables: wta(real)
Error encountered in critical code section

Error: Set_Thread_Variables: wta(real)
Error encountered in critical code section

Error: Set_Thread_Variables: wta(real)
Error encountered in critical code section

Error: Set_Thread_Variables: wta(real)
Error encountered in critical code section

Error: Set_Thread_Variables: wta(real)
Error encountered in critical code section

Error: Set_Thread_Variables: wta(real)
Error encountered in critical code section

999999: mpt_accept: error: accept failed: No such file or directory

999999: mpt_accept: error: accept failed: No such file or directory

999999: mpt_accept: error: accept failed: No such file or directory

999999: mpt_accept: error: accept failed: No such file or directory

999999: mpt_accept: error: accept failed: No such file or directory

999999: mpt_accept: error: accept failed: No such file or directory

999999: mpt_accept: error: accept failed: No such file or directory

999999: mpt_accept: error: accept failed: No such file or directory

999999: mpt_accept: error: accept failed: No such file or directory

999999: mpt_accept: error: accept failed: No such file or directory

999999: mpt_accept: error: accept failed: No such file or directory

999999: mpt_accept: error: accept failed: No such file or directory

999999: mpt_accept: error: accept failed: No such file or directory

999999: mpt_accept: error: accept failed: No such file or directory

999999: mpt_accept: error: accept failed: No such file or directory

999999: mpt_accept: error: accept failed: No such file or directory

999999: mpt_accept: error: accept failed: No such file or directory

999999: mpt_accept: error: accept failed: No such file or directory

999999: mpt_accept: error: accept failed: No such file or directory

999999: mpt_accept: error: accept failed: No such file or directory

999999: mpt_accept: error: accept failed: No such file or directory

999999: mpt_accept: error: accept failed: No such file or directory

999999: mpt_accept: error: accept failed: No such file or directory

999999: mpt_accept: error: accept failed: No such file or directory

999999: mpt_accept: error: accept failed: No such file or directory

999999: mpt_accept: error: accept failed: No such file or directory

999999: mpt_accept: error: accept failed
==================================================: No such file or directory

999999: mpt_accept: error: accept failed: No such file or directory

999999: mpt_accept: error: accept failed: No such file or directory

999999: mpt_accept: error: accept failed=================================
: No such file or directory

999999: mpt_accept: error: accept failed: No such file or directory

999999: mpt_accept: error: accept failed: No such file or directory

999999: mpt_accept: error: accept failed: No such file or directory
=   BAD TERMINATION OF ONE OF YOUR APPLICATION PROCESSES

999999: mpt_accept: error: accept failed: No such file or directory
=   RANK 1 PID 9844 RUNNING AT Guilherme

999999: mpt_accept: error: accept failed: No such file or directory=   EXIT STATUS: -1 (ffffffff)


999999: mpt_accept: error: accept failed: No such file or directory

999999: mpt_accept: error: accept failed: No such file or directory
==================================================
999999: mpt_accept: error: accept failed=================================
: 
==================================================No such file or directory
=================================

999999: mpt_accept: error: accept failed: No such file or directory

999999: mpt_accept: error: accept failed: No such file or directory

999999: mpt_accept: error: accept failed: No such file or directory

999999: mpt_accept: error: accept failed=   BAD TERMINATION OF ONE OF YOUR APPLICATION PROCESSES
: No such file or directory

999999: mpt_accept: error: accept failed: No such file or directory

999999: mpt_accept: error: accept failed: No such file or directory

999999: mpt_accept: error: accept failed: No such file or directory

999999: mpt_accept: error: accept failed: No such file or directory
=   RANK 2 PID 5108 RUNNING AT Guilherme

999999: mpt_accept: error: accept failed: No such file or directory

999999: mpt_accept: error: accept failed=   EXIT STATUS: -1 (ffffffff)
: No such file or directory

999999: mpt_accept: error: accept failed: ==================================================No such file or directory

999999: mpt_accept: error: accept failed: No such file or directory=================================


999999: mpt_accept: error: accept failed: No such file or directory

999999: mpt_accept: error: accept failed: No such file or directory

999999: mpt_accept: error: accept failed: No such file or directory

999999: mpt_accept: error: accept failed: No such file or directory

999999: mpt_accept: error: accept failed: No such file or directory

999999: mpt_accept: error: accept failed: No such file or directory

999999: mpt_accept: error: accept failed: No such file or directory

999999: mpt_accept: error: accept failed: No such file or directory

999999: mpt_accept: error: accept failed: No such file or directory

999999: mpt_accept: error: accept failed: No such file or directory

999999: mpt_accept: error: accept failed: No such file or directory

999999: mpt_accept: error: accept failed: No such file or directory

999999: mpt_accept: error: accept failed: No such file or directory

999999: mpt_accept: error: accept failed: No such file or directory

999999: mpt_accept: error: accept failed: No such file or directory

999999: mpt_accept: error: accept failed: No such file or directory

999999: mpt_accept: error: accept failed: No such file or directory

999999: mpt_accept: error: accept failed: No such file or directory

999999: mpt_accept: error: accept failed: No such file or directory

999999: mpt_accept: error: accept failed: No such file or directory

999999: mpt_accept: error: accept failed: No such file or directory

999999: mpt_accept: error: accept failed: No such file or directory

999999: mpt_accept: error: accept failed: No such file or directory

999999: mpt_accept: error: accept failed: No such file or directory

999999: mpt_accept: error: accept failed: No such file or directory

999999: mpt_accept: error: accept failed: No such file or directory

999999: mpt_accept: error: accept failed: No such file or directory

999999: mpt_accept: error: accept failed: No such file or directory

999999: mpt_accept: error: accept failed: No such file or directory

999999: mpt_accept: error: accept failed: No such file or directory

999999: mpt_accept: error: accept failed: No such file or directory

999999: mpt_accept: error: accept failed: No such file or directory

999999: mpt_accept: error: accept failed: No such file or directory

999999: mpt_accept: error: accept failed: No such file or directory

999999: mpt_accept: error: accept failed: No such file or directory

999999: mpt_accept: error: accept failed: No such file or directory

999999: mpt_accept: error: accept failed: No such file or directory

999999: mpt_accept: error: accept failed: No such file or directory

999999: mpt_accept: error: accept failed: No such file or directory

999999: mpt_accept: error: accept failed: No such file or directory

999999: mpt_accept: error: accept failed: No such file or directory

999999: mpt_accept: error: accept failed: No such file or directory

999999: mpt_accept: error: accept failed: No such file or directory

999999: mpt_accept: error: accept failed: No such file or directory

999999: mpt_accept: error: accept failed: No such file or directory

999999: mpt_accept: error: accept failed: No such file or directory

999999: mpt_accept: error: accept failed: No such file or directory

999999: mpt_accept: error: accept failed: No such file or directory

999999: mpt_accept: error: accept failed: No such file or directory

999999: mpt_accept: error: accept failed: No such file or directory

999999: mpt_accept: error: accept failed: No such file or directory

999999: mpt_accept: error: accept failed: No such file or directory

999999: mpt_accept: error: accept failed: No such file or directory

999999: mpt_accept: error: accept failed: No such file or directory

999999: mpt_accept: error: accept failed: No such file or directory

999999: mpt_accept: error: accept failed: No such file or directory

999999: mpt_accept: error: accept failed: No such file or directory

999999: mpt_accept: error: accept failed: No such file or directory

999999: mpt_accept: error: accept failed: No such file or directory

999999: mpt_accept: error: accept failed: No such file or directory

999999: mpt_accept: error: accept failed: No such file or directory

999999: mpt_accept: error: accept failed: No such file or directory

999999: mpt_accept: error: accept failed: No such file or directory

999999: mpt_accept: error: accept failed: No such file or directory

999999: mpt_accept: error: accept failed: No such file or directory

999999: mpt_accept: error: accept failed: No such file or directory

999999: mpt_accept: error: accept failed: No such file or directory

999999: mpt_accept: error: accept failed: No such file or directory

999999: mpt_accept: error: accept failed: No such file or directory

999999: mpt_accept: error: accept failed: No such file or directory

999999: mpt_accept: error: accept failed: No such file or directory

999999: mpt_accept: error: accept failed: No such file or directory

999999: mpt_accept: error: accept failed: No such file or directory

999999: mpt_accept: error: accept failed: No such file or directory

999999: mpt_accept: error: accept failed: No such file or directory

999999: mpt_accept: error: accept failed: No such file or directory

999999: mpt_accept: error: accept failed: No such file or directory

999999: mpt_accept: error: accept failed: No such file or directory

999999: mpt_accept: error: accept failed: No such file or directory

999999: mpt_accept: error: accept failed: No such file or directory

999999: mpt_accept: error: accept failed: No such file or directory

999999: mpt_accept: error: accept failed: No such file or directory

999999: mpt_accept: error: accept failed: No such file or directory

999999: mpt_accept: error: accept failed: No such file or directory

999999: mpt_accept: error: accept failed: No such file or directory

999999: mpt_accept: error: accept failed: No such file or directory

999999: mpt_accept: error: accept failed: No such file or directory

999999: mpt_accept: error: accept failed: No such file or directory

999999: mpt_accept: error: accept failed: No such file or directory

999999: mpt_accept: error: accept failed: No such file or directory

999999: mpt_accept: error: accept failed: No such file or directory

999999: mpt_accept: error: accept failed: No such file or directory

999999: mpt_accept: error: accept failed: No such file or directory

999999: mpt_accept: error: accept failed: No such file or directory

999999: mpt_accept: error: accept failed: No such file or directory

999999: mpt_accept: error: accept failed: No such file or directory

999999: mpt_accept: error: accept failed: No such file or directory

999999: mpt_accept: error: accept failed: No such file or directory

999999: mpt_accept: error: accept failed: No such file or directory

999999: mpt_accept: error: accept failed: No such file or directory

999999: mpt_accept: error: accept failed: No such file or directory

999999: mpt_accept: error: accept failed: No such file or directory

===================================================================================
=   BAD TERMINATION OF ONE OF YOUR APPLICATION PROCESSES
=   RANK 3 PID 4664 RUNNING AT Guilherme
=   EXIT STATUS: -1 (ffffffff)
===================================================================================

===================================================================================
=   BAD TERMINATION OF ONE OF YOUR APPLICATION PROCESSES
=   RANK 4 PID 2460 RUNNING AT Guilherme
=   EXIT STATUS: -1 (ffffffff)
===================================================================================

===================================================================================
=   BAD TERMINATION OF ONE OF YOUR APPLICATION PROCESSES
=   RANK 5 PID 16760 RUNNING AT Guilherme
=   EXIT STATUS: -1 (ffffffff)
===================================================================================

===================================================================================
=   BAD TERMINATION OF ONE OF YOUR APPLICATION PROCESSES
=   RANK 6 PID 2080 RUNNING AT Guilherme
=   EXIT STATUS: -1 (ffffffff)
===================================================================================

===================================================================================
=   BAD TERMINATION OF ONE OF YOUR APPLICATION PROCESSES
=   RANK 7 PID 16920 RUNNING AT Guilherme
=   EXIT STATUS: -1 (ffffffff)
===================================================================================

