

Opening input/output transcript to file "H:\Meu Drive\TCC\Programming\cnn-hypersonic\pyFluent\fluent-20231110-120548-22184.trn".
Auto-Transcript Start Time:  12:05:48, 10 Nov 2023 Hora oficial do Brasil 
Information: The server has started and is running.

              Welcome to ANSYS Fluent 2023 R1

              Copyright 1987-2023 ANSYS, Inc. All Rights Reserved.
              Unauthorized use, distribution or duplication is prohibited.
              This product is subject to U.S. laws governing export and re-export.
              For full Legal Notice, see documentation.

Build Time: Nov 28 2022 09:52:41 EST  Build Id: 10208  
 
Connected License Server List:	1055@localhost
Host spawning Node 0 on machine "Guilherme" (win64).

-------------------------------------------------------------------------------------------
ID    Hostname   Core  O.S.         PID    Vendor                                          
-------------------------------------------------------------------------------------------
n7    Guilherme  8/8  Windows-x64  22068  11th Gen Intel(R) Core(TM) i5-1135G7 @ 2.40GHz  
n6    Guilherme  7/8  Windows-x64  18576  11th Gen Intel(R) Core(TM) i5-1135G7 @ 2.40GHz  
n5    Guilherme  6/8  Windows-x64  14916  11th Gen Intel(R) Core(TM) i5-1135G7 @ 2.40GHz  
n4    Guilherme  5/8  Windows-x64  3500   11th Gen Intel(R) Core(TM) i5-1135G7 @ 2.40GHz  
n3    Guilherme  4/8  Windows-x64  17776  11th Gen Intel(R) Core(TM) i5-1135G7 @ 2.40GHz  
n2    Guilherme  3/8  Windows-x64  10228  11th Gen Intel(R) Core(TM) i5-1135G7 @ 2.40GHz  
n1    Guilherme  2/8  Windows-x64  12332  11th Gen Intel(R) Core(TM) i5-1135G7 @ 2.40GHz  
n0*   Guilherme  1/8  Windows-x64  6340   11th Gen Intel(R) Core(TM) i5-1135G7 @ 2.40GHz  
host  Guilherme       Windows-x64  19296  11th Gen Intel(R) Core(TM) i5-1135G7 @ 2.40GHz  

MPI Option Selected: intel
Selected system interconnect: default
-------------------------------------------------------------------------------------------

Cleanup script file is H:\Meu Drive\TCC\Programming\cnn-hypersonic\pyFluent\cleanup-fluent-Guilherme-19296.bat

> Fast-loading "C:\PROGRA~1\ANSYSI~1\v231\fluent\fluent23.1.0\addons\afd\lib\hdfio.bin"
Done.

Reading from Guilherme:"H:\Meu Drive\TCC\Programming\cnn-hypersonic\pyFluent\caso.cas.h5" in NODE0 mode ...
  Reading mesh ...
       19790 cells,     1 cell zone  ...
          19790 mixed cells,  zone id: 2
       40054 faces,     4 face zones ...
          39081 2D interior faces,  zone id: 1
            477 2D pressure-far-field faces,  zone id: 5
            396 2D wall faces,  zone id: 7
            100 2D pressure-outlet faces,  zone id: 6
       20264 nodes,     1 node zone  ...
  Done.


Building...
     mesh
	distributing mesh
		parts........,
		faces........,
		nodes........,
		cells........,
        bandwidth reduction using Reverse Cuthill-McKee: 2470/72 = 34.3056
     materials,
     interface,
     domains,
	mixture
     zones,
	pressure-outlet
	airfoil
	pressure-far-field
	interior-air
	air
     parallel,
Done.

Writing Settings file "C:\Users\guilh\AppData\Local\Temp\2"...
	writing rp variables ... Done.
	writing domain variables ... Done.
	writing air (type fluid) (mixture) ... Done.
	writing interior-air (type interior) (mixture) ... Done.
	writing pressure-far-field (type pressure-far-field) (mixture) ... Done.
	writing airfoil (type wall) (mixture) ... Done.
	writing pressure-outlet (type pressure-outlet) (mixture) ... Done.
	writing zones map name-id ... Done.

Reading "H:\Meu Drive\TCC\Programming\cnn-hypersonic\DataCFD\-5-AoA\7-WedgeAngle\meshFile.msh"...

Buffering for file scan...


Building...
     mesh
==============================================================================

Node 3: Process 17776: Received signal SIGSEGV.

==============================================================================

==============================================================================

Node 2: Process 10228: Received signal SIGSEGV.

==============================================================================

==============================================================================

Node 7: Process 22068: Received signal SIGSEGV.

==============================================================================

==============================================================================

Node 1: Process 12332: Received signal SIGSEGV.

==============================================================================

==============================================================================

Node 6: Process 18576: Received signal SIGSEGV.

==============================================================================

==============================================================================

Node 4: Process 3500: Received signal SIGSEGV.

==============================================================================

==============================================================================

Node 0: Process 6340: Received signal SIGSEGV.

==============================================================================

==============================================================================

Node 5: Process 14916: Received signal SIGSEGV.

==============================================================================

999999: mpt_accept: error: accept failed: Invalid argument

999999: mpt_accept: error: accept failed: Invalid argument

999999: mpt_accept: error: accept failed: Invalid argument

999999: mpt_accept: error: accept failed: Invalid argument

999999: mpt_accept: error: accept failed: Invalid argument

999999: mpt_accept: error: accept failed: Invalid argument

999999: mpt_accept: error: accept failed: Invalid argument

999999: mpt_accept: error: accept failed: Invalid argument

999999: mpt_accept: error: accept failed: Invalid argument

999999: mpt_accept: error: accept failed: Invalid argument

999999: mpt_accept: error: accept failed: Invalid argument

999999: mpt_accept: error: accept failed: Invalid argument

999999: mpt_accept: error: accept failed: Invalid argument

999999: mpt_accept: error: accept failed: Invalid argument

999999: mpt_accept: error: accept failed: Invalid argument

999999: mpt_accept: error: accept failed: Invalid argument

999999: mpt_accept: error: accept failed: Invalid argument

999999: mpt_accept: error: accept failed: Invalid argument

999999: mpt_accept: error: accept failed: Invalid argument

999999: mpt_accept: error: accept failed: Invalid argument

999999: mpt_accept: error: accept failed: Invalid argument

999999: mpt_accept: error: accept failed: Invalid argument

999999: mpt_accept: error: accept failed: Invalid argument

999999: mpt_accept: error: accept failed: Invalid argument

999999: mpt_accept: error: accept failed: Invalid argument

999999: mpt_accept: error: accept failed: Invalid argument

999999: mpt_accept: error: accept failed: Invalid argument

999999: mpt_accept: error: accept failed: Invalid argument

999999: mpt_accept: error: accept failed: Invalid argument

999999: mpt_accept: error: accept failed: Invalid argument

999999: mpt_accept: error: accept failed: Invalid argument

999999: mpt_accept: error: accept failed: Invalid argument

999999: mpt_accept: error: accept failed: Invalid argument

999999: mpt_accept: error: accept failed: Invalid argument

999999: mpt_accept: error: accept failed: Invalid argument

999999: mpt_accept: error: accept failed: Invalid argument

999999: mpt_accept: error: accept failed: Invalid argument

999999: mpt_accept: error: accept failed: Invalid argument

999999: mpt_accept: error: accept failed: Invalid argument

999999: mpt_accept: error: accept failed: Invalid argument

999999: mpt_accept: error: accept failed: Invalid argument

999999: mpt_accept: error: accept failed: Invalid argument

999999: mpt_accept: error: accept failed: Invalid argument

999999: mpt_accept: error: accept failed: Invalid argument

999999: mpt_accept: error: accept failed: Invalid argument

999999: mpt_accept: error: accept failed: Invalid argument

999999: mpt_accept: error: accept failed: Invalid argument

999999: mpt_accept: error: accept failed: Invalid argument

999999: mpt_accept: error: accept failed: Invalid argument

999999: mpt_accept: error: accept failed: Invalid argument

999999: mpt_accept: error: accept failed: Invalid argument

999999: mpt_accept: error: accept failed: Invalid argument

999999: mpt_accept: error: accept failed: Invalid argument

999999: mpt_accept: error: accept failed: Invalid argument

999999: mpt_accept: error: accept failed: Invalid argument

999999: mpt_accept: error: accept failed: Invalid argument

999999: mpt_accept: error: accept failed: Invalid argument

999999: mpt_accept: error: accept failed: Invalid argument

999999: mpt_accept: error: accept failed: Invalid argument

999999: mpt_accept: error: accept failed: Invalid argument

999999: mpt_accept: error: accept failed: Invalid argument

999999: mpt_accept: error: accept failed: Invalid argument

999999: mpt_accept: error: accept failed: Invalid argument

999999: mpt_accept: error: accept failed: Invalid argument

999999: mpt_accept: error: accept failed: Invalid argument

999999: mpt_accept: error: accept failed: Invalid argument

999999: mpt_accept: error: accept failed: Invalid argument

999999: mpt_accept: error: accept failed: Invalid argument

999999: mpt_accept: error: accept failed: Invalid argument

999999: mpt_accept: error: accept failed: Invalid argument

999999: mpt_accept: error: accept failed: Invalid argument

999999: mpt_accept: error: accept failed: Invalid argument

999999: mpt_accept: error: accept failed: Invalid argument

999999: mpt_accept: error: accept failed: Invalid argument

999999: mpt_accept: error: accept failed: Invalid argument

999999: mpt_accept: error: accept failed: Invalid argument

999999: mpt_accept: error: accept failed: Invalid argument

999999: mpt_accept: error: accept failed: Invalid argument

999999: mpt_accept: error: accept failed: Invalid argument

999999: mpt_accept: error: accept failed: Invalid argument

999999: mpt_accept: error: accept failed: Invalid argument

999999: mpt_accept: error: accept failed: Invalid argument

===================================================================================
=   BAD TERMINATION OF ONE OF YOUR APPLICATION PROCESSES
=   RANK 0 PID 6340 RUNNING AT Guilherme
=   EXIT STATUS: -1 (ffffffff)
===================================================================================

===================================================================================
=   BAD TERMINATION OF ONE OF YOUR APPLICATION PROCESSES
=   RANK 1 PID 12332 RUNNING AT Guilherme
=   EXIT STATUS: -1 (ffffffff)
===================================================================================

===================================================================================
=   BAD TERMINATION OF ONE OF YOUR APPLICATION PROCESSES
=   RANK 2 PID 10228 RUNNING AT Guilherme
=   EXIT STATUS: -1 (ffffffff)
===================================================================================

===================================================================================
=   BAD TERMINATION OF ONE OF YOUR APPLICATION PROCESSES
=   RANK 3 PID 17776 RUNNING AT Guilherme
=   EXIT STATUS: -1 (ffffffff)
===================================================================================

===================================================================================
=   BAD TERMINATION OF ONE OF YOUR APPLICATION PROCESSES
=   RANK 4 PID 3500 RUNNING AT Guilherme
=   EXIT STATUS: -1 (ffffffff)
===================================================================================

===================================================================================
=   BAD TERMINATION OF ONE OF YOUR APPLICATION PROCESSES
=   RANK 6 PID 18576 RUNNING AT Guilherme
=   EXIT STATUS: -1 (ffffffff)
===================================================================================

===================================================================================
=   BAD TERMINATION OF ONE OF YOUR APPLICATION PROCESSES
=   RANK 7 PID 22068 RUNNING AT Guilherme
=   EXIT STATUS: -1 (ffffffff)
===================================================================================

