
Error [node 0] [time 11/9/23 13:1:43] Abnormal Exit!

Error [node 0] [time 11/9/23 13:11:22] Abnormal Exit!

Error [node 0] [time 11/10/23 10:51:17] Abnormal Exit!

Error [node 0] [time 11/10/23 11:38:50] Abnormal Exit!
Node 0 Fatal signal raised sig = Segmentation fault
 b42e9dd0 CX_Primitive_Error
 39acb8f0 log2f
 b435b630 logical_right_shift
 1a09ef20 _C_specific_handler
 3c4b42f0 _chkstk
 3c42d9d0 RtlFindCharInUnicodeString
 3c4b33e0 KiUserExceptionDispatcher
 b2333790 Auto_Partition
 b20198d0 fluent_fprintf
 b4345e60 eval
 b20cc7b0 PRF_Command_Start
 b20ceed0 PRF_Node_repl
 b20da910 Delay_Error
 b435b630 logical_right_shift
 3b572560 BaseThreadInitThunk
 3c46aa30 RtlUserThreadStart

Error [node 0] [time 11/10/23 12:6:33] Abnormal Exit!

Error [node 0] [time 11/10/23 14:49:46] Abnormal Exit!

Error [node 0] [time 11/10/23 14:55:50] Abnormal Exit!

Error [node 0] [time 11/10/23 16:21:57] Abnormal Exit!

Error [node 0] [time 11/10/23 16:29:47] Abnormal Exit!
