2023-11-09 13:00:30,832 ansys.fluent.launcher INFO     Launching Fluent with cmd: C:\Program Files\ANSYS Inc\v231\fluent\ntbin\win64\fluent.exe 3ddp -t8  -sifile="C:\Users\guilh\AppData\Local\Temp\serverinfo-g2wsgeyq.txt" -nm -hidden
2023-11-09 13:00:31,872 ansys.fluent.launcher INFO     Waiting for Fluent to launch...99 seconds remaining
2023-11-09 13:00:32,872 ansys.fluent.launcher INFO     Waiting for Fluent to launch...98 seconds remaining
2023-11-09 13:00:33,883 ansys.fluent.launcher INFO     Waiting for Fluent to launch...97 seconds remaining
2023-11-09 13:00:34,883 ansys.fluent.launcher INFO     Waiting for Fluent to launch...96 seconds remaining
2023-11-09 13:00:35,891 ansys.fluent.launcher INFO     Waiting for Fluent to launch...95 seconds remaining
2023-11-09 13:00:36,901 ansys.fluent.launcher INFO     Fluent process is successfully launched.
2023-11-09 13:01:15,819 ansys.fluent.launcher INFO     Launching Fluent with cmd: C:\Program Files\ANSYS Inc\v231\fluent\ntbin\win64\fluent.exe 3ddp -t8  -sifile="C:\Users\guilh\AppData\Local\Temp\serverinfo-okwp05pk.txt" -nm -hidden
2023-11-09 13:01:16,830 ansys.fluent.launcher INFO     Waiting for Fluent to launch...99 seconds remaining
2023-11-09 13:01:17,833 ansys.fluent.launcher INFO     Waiting for Fluent to launch...98 seconds remaining
2023-11-09 13:01:18,843 ansys.fluent.launcher INFO     Waiting for Fluent to launch...97 seconds remaining
2023-11-09 13:01:19,843 ansys.fluent.launcher INFO     Waiting for Fluent to launch...96 seconds remaining
2023-11-09 13:01:20,843 ansys.fluent.launcher INFO     Waiting for Fluent to launch...95 seconds remaining
2023-11-09 13:01:21,851 ansys.fluent.launcher INFO     Waiting for Fluent to launch...94 seconds remaining
2023-11-09 13:01:22,851 ansys.fluent.launcher INFO     Fluent process is successfully launched.
2023-11-09 13:01:50,202 ansys.fluent.launcher INFO     Launching Fluent with cmd: C:\Program Files\ANSYS Inc\v231\fluent\ntbin\win64\fluent.exe 3ddp -t8  -sifile="C:\Users\guilh\AppData\Local\Temp\serverinfo-kub_qvlg.txt" -nm -hidden
2023-11-09 13:01:51,212 ansys.fluent.launcher INFO     Waiting for Fluent to launch...99 seconds remaining
2023-11-09 13:01:52,212 ansys.fluent.launcher INFO     Waiting for Fluent to launch...98 seconds remaining
2023-11-09 13:01:53,222 ansys.fluent.launcher INFO     Waiting for Fluent to launch...97 seconds remaining
2023-11-09 13:01:54,222 ansys.fluent.launcher INFO     Waiting for Fluent to launch...96 seconds remaining
2023-11-09 13:01:55,231 ansys.fluent.launcher INFO     Waiting for Fluent to launch...95 seconds remaining
2023-11-09 13:01:56,233 ansys.fluent.launcher INFO     Waiting for Fluent to launch...94 seconds remaining
2023-11-09 13:01:57,233 ansys.fluent.launcher INFO     Fluent process is successfully launched.
2023-11-09 13:04:37,347 ansys.fluent.launcher INFO     Launching Fluent with cmd: C:\Program Files\ANSYS Inc\v231\fluent\ntbin\win64\fluent.exe 3ddp -t8  -sifile="C:\Users\guilh\AppData\Local\Temp\serverinfo-c0mh_it6.txt" -nm -hidden
2023-11-09 13:04:38,397 ansys.fluent.launcher INFO     Waiting for Fluent to launch...99 seconds remaining
2023-11-09 13:04:39,407 ansys.fluent.launcher INFO     Waiting for Fluent to launch...98 seconds remaining
2023-11-09 13:04:40,408 ansys.fluent.launcher INFO     Waiting for Fluent to launch...97 seconds remaining
2023-11-09 13:04:41,408 ansys.fluent.launcher INFO     Waiting for Fluent to launch...96 seconds remaining
2023-11-09 13:04:42,408 ansys.fluent.launcher INFO     Fluent process is successfully launched.
2023-11-09 13:05:22,406 ansys.fluent.launcher INFO     Launching Fluent with cmd: C:\Program Files\ANSYS Inc\v231\fluent\ntbin\win64\fluent.exe 3ddp -t8  -sifile="C:\Users\guilh\AppData\Local\Temp\serverinfo-2tw6s76m.txt" -nm -hidden
2023-11-09 13:05:23,417 ansys.fluent.launcher INFO     Waiting for Fluent to launch...99 seconds remaining
2023-11-09 13:05:24,419 ansys.fluent.launcher INFO     Waiting for Fluent to launch...98 seconds remaining
2023-11-09 13:05:25,429 ansys.fluent.launcher INFO     Waiting for Fluent to launch...97 seconds remaining
2023-11-09 13:05:26,429 ansys.fluent.launcher INFO     Waiting for Fluent to launch...96 seconds remaining
2023-11-09 13:05:27,435 ansys.fluent.launcher INFO     Waiting for Fluent to launch...95 seconds remaining
2023-11-09 13:05:28,435 ansys.fluent.launcher INFO     Fluent process is successfully launched.
